<?xml version="1.0" encoding="UTF-8"?>
<!-- Generated by org.testng.reporters.JUnitReportReporter -->
<testsuite hostname="LAPTOP-MBB97ED5" failures="0" tests="4" name="com.section22.Test.SubmitOrderTest1" time="49.717" errors="0" timestamp="2023-05-10T20:29:28 EDT" skipped="0">
  <testcase classname="com.section22.Test.SubmitOrderTest1" name="submitOrder" time="8.611"/>
  <system-out/>
  <testcase classname="com.section22.Test.SubmitOrderTest1" name="orderHistoryTest" time="7.083"/>
  <system-out/>
  <testcase classname="com.section22.Test.SubmitOrderTest1" name="submitOrder" time="20.640"/>
  <system-out/>
  <testcase classname="com.section22.Test.SubmitOrderTest1" name="submitOrder" time="13.383"/>
  <system-out/>
</testsuite> <!-- com.section22.Test.SubmitOrderTest1 -->
