<?xml version="1.0" encoding="UTF-8"?>
<!-- Generated by org.testng.reporters.JUnitReportReporter -->
<testsuite hostname="LAPTOP-MBB97ED5" failures="0" tests="3" name="com.section21.Test.SubmitOrderTest1" time="61.806" errors="0" timestamp="2023-05-07T19:01:50 EDT" skipped="0">
  <testcase classname="com.section21.Test.SubmitOrderTest1" name="submitOrder" time="21.084"/>
  <system-out/>
  <testcase classname="com.section21.Test.SubmitOrderTest1" name="submitOrder" time="20.147"/>
  <system-out/>
  <testcase classname="com.section21.Test.SubmitOrderTest1" name="submitOrder" time="20.575"/>
  <system-out/>
</testsuite> <!-- com.section21.Test.SubmitOrderTest1 -->
