<?xml version="1.0" encoding="UTF-8"?>
<!-- Generated by org.testng.reporters.JUnitReportReporter -->
<testsuite hostname="LAPTOP-MBB97ED5" failures="0" tests="4" name="com.section23.Test.SubmitOrderTest1" time="77.530" errors="0" timestamp="2023-05-11T18:21:23 EDT" skipped="0">
  <testcase classname="com.section23.Test.SubmitOrderTest1" name="submitOrder" time="23.943"/>
  <system-out/>
  <testcase classname="com.section23.Test.SubmitOrderTest1" name="orderHistoryTest" time="10.357"/>
  <system-out/>
  <testcase classname="com.section23.Test.SubmitOrderTest1" name="submitOrder" time="21.504"/>
  <system-out/>
  <testcase classname="com.section23.Test.SubmitOrderTest1" name="submitOrder" time="21.726"/>
  <system-out/>
</testsuite> <!-- com.section23.Test.SubmitOrderTest1 -->
