<?xml version="1.0" encoding="UTF-8"?>
<!-- Generated by org.testng.reporters.JUnitReportReporter -->
<testsuite hostname="LAPTOP-MBB97ED5" failures="0" tests="2" name="com.section20.Test.ErrorValidation" time="27.973" errors="0" timestamp="2023-05-03T20:55:42 EDT" skipped="0">
  <testcase classname="com.section20.Test.ErrorValidation" name="productErrorValidation" time="21.172"/>
  <system-out/>
  <testcase classname="com.section20.Test.ErrorValidation" name="logInErrorValidation" time="6.801"/>
  <system-out/>
</testsuite> <!-- com.section20.Test.ErrorValidation -->
