<?xml version="1.0" encoding="UTF-8"?>
<!-- Generated by org.testng.reporters.JUnitReportReporter -->
<testsuite hostname="LAPTOP-MBB97ED5" failures="0" tests="1" name="com.section22_ExtentReport_Demo.ExtententReport" time="8.648" errors="0" timestamp="2023-05-09T19:39:11 EDT" skipped="0">
  <testcase classname="com.section22_ExtentReport_Demo.ExtententReport" name="initialDemo" time="8.648"/>
  <system-out/>
</testsuite> <!-- com.section22_ExtentReport_Demo.ExtententReport -->
