<?xml version="1.0" encoding="UTF-8"?>
<!-- Generated by org.testng.reporters.JUnitReportReporter -->
<testsuite hostname="LAPTOP-MBB97ED5" failures="0" tests="1" name="com.section20.Test.ErrorValidationsTest" time="7.891" errors="0" timestamp="2023-05-04T23:11:10 EDT" skipped="0">
  <testcase classname="com.section20.Test.ErrorValidationsTest" name="logInErrorValidation" time="7.891"/>
  <system-out/>
</testsuite> <!-- com.section20.Test.ErrorValidationsTest -->
