<?xml version="1.0" encoding="UTF-8"?>
<!-- Generated by org.testng.reporters.JUnitReportReporter -->
<testsuite hostname="LAPTOP-MBB97ED5" failures="0" tests="4" name="com.section23.Test.SubmitOrderTest1" time="78.202" errors="0" timestamp="2023-05-11T20:01:23 EDT" skipped="0">
  <testcase classname="com.section23.Test.SubmitOrderTest1" name="orderHistoryTest" time="9.169"/>
  <system-out/>
  <testcase classname="com.section23.Test.SubmitOrderTest1" name="submitOrder" time="23.689"/>
  <system-out/>
  <testcase classname="com.section23.Test.SubmitOrderTest1" name="submitOrder" time="22.663"/>
  <system-out/>
  <testcase classname="com.section23.Test.SubmitOrderTest1" name="submitOrder" time="22.681"/>
  <system-out/>
</testsuite> <!-- com.section23.Test.SubmitOrderTest1 -->
